<?xml version="1.0" encoding="UTF-8"?>
<testsuite xmlns:xsi="http://www.w3.org/2001/XMLSchema-instance" xsi:noNamespaceSchemaLocation="https://maven.apache.org/surefire/maven-surefire-plugin/xsd/surefire-test-report.xsd" name="edu.berkeley.cs.jqf.fuzz.util.NonZeroCachingCountersTest" time="0.17" tests="8" errors="0" skipped="0" failures="0">
  <properties>
    <property name="awt.toolkit" value="sun.awt.X11.XToolkit"/>
    <property name="file.encoding.pkg" value="sun.io"/>
    <property name="java.specification.version" value="1.8"/>
    <property name="sun.cpu.isalist" value=""/>
    <property name="sun.jnu.encoding" value="UTF-8"/>
    <property name="java.class.path" value="/home/user/xyf/jqf-new/fuzz/target/test-classes:/home/user/xyf/jqf-new/fuzz/target/classes:/home/user/.m2/repository/junit/junit/4.12/junit-4.12.jar:/home/user/.m2/repository/org/hamcrest/hamcrest-core/1.3/hamcrest-core-1.3.jar:/home/user/.m2/repository/com/pholser/junit-quickcheck-generators/0.8/junit-quickcheck-generators-0.8.jar:/home/user/.m2/repository/com/pholser/junit-quickcheck-core/0.8/junit-quickcheck-core-0.8.jar:/home/user/.m2/repository/org/javaruntype/javaruntype/1.3/javaruntype-1.3.jar:/home/user/.m2/repository/org/antlr/antlr-runtime/3.1.2/antlr-runtime-3.1.2.jar:/home/user/.m2/repository/ognl/ognl/3.1.12/ognl-3.1.12.jar:/home/user/.m2/repository/org/javassist/javassist/3.20.0-GA/javassist-3.20.0-GA.jar:/home/user/.m2/repository/ru/vyarus/generics-resolver/2.0.1/generics-resolver-2.0.1.jar:/home/user/.m2/repository/org/slf4j/slf4j-api/1.7.25/slf4j-api-1.7.25.jar:/home/user/xyf/jqf-new/instrument/target/jqf-instrument-1.4-SNAPSHOT.jar:/home/user/.m2/repository/org/ow2/asm/asm/7.2/asm-7.2.jar:/home/user/.m2/repository/org/jacoco/org.jacoco.report/0.8.2/org.jacoco.report-0.8.2.jar:/home/user/.m2/repository/org/jacoco/org.jacoco.core/0.8.2/org.jacoco.core-0.8.2.jar:/home/user/.m2/repository/org/ow2/asm/asm-commons/6.2.1/asm-commons-6.2.1.jar:/home/user/.m2/repository/org/ow2/asm/asm-analysis/6.2.1/asm-analysis-6.2.1.jar:/home/user/.m2/repository/org/ow2/asm/asm-tree/6.2.1/asm-tree-6.2.1.jar:/home/user/.m2/repository/org/mockito/mockito-core/2.23.4/mockito-core-2.23.4.jar:/home/user/.m2/repository/net/bytebuddy/byte-buddy/1.9.3/byte-buddy-1.9.3.jar:/home/user/.m2/repository/net/bytebuddy/byte-buddy-agent/1.9.3/byte-buddy-agent-1.9.3.jar:/home/user/.m2/repository/org/objenesis/objenesis/2.6/objenesis-2.6.jar:/home/user/.m2/repository/org/hamcrest/hamcrest-library/1.3/hamcrest-library-1.3.jar:/home/user/.m2/repository/info/picocli/picocli/4.0.4/picocli-4.0.4.jar:/home/user/.m2/repository/org/antlr/antlr4-runtime/4.7.2/antlr4-runtime-4.7.2.jar:/home/user/.m2/repository/org/codehaus/mojo/exec-maven-plugin/3.0.0/exec-maven-plugin-3.0.0.jar:/home/user/.m2/repository/org/apache/maven/maven-model/3.0/maven-model-3.0.jar:/home/user/.m2/repository/org/apache/maven/maven-artifact/3.0/maven-artifact-3.0.jar:/home/user/.m2/repository/org/apache/maven/maven-core/3.0/maven-core-3.0.jar:/home/user/.m2/repository/org/apache/maven/maven-settings/3.0/maven-settings-3.0.jar:/home/user/.m2/repository/org/apache/maven/maven-settings-builder/3.0/maven-settings-builder-3.0.jar:/home/user/.m2/repository/org/apache/maven/maven-repository-metadata/3.0/maven-repository-metadata-3.0.jar:/home/user/.m2/repository/org/apache/maven/maven-model-builder/3.0/maven-model-builder-3.0.jar:/home/user/.m2/repository/org/apache/maven/maven-aether-provider/3.0/maven-aether-provider-3.0.jar:/home/user/.m2/repository/org/sonatype/aether/aether-impl/1.7/aether-impl-1.7.jar:/home/user/.m2/repository/org/sonatype/aether/aether-spi/1.7/aether-spi-1.7.jar:/home/user/.m2/repository/org/sonatype/aether/aether-api/1.7/aether-api-1.7.jar:/home/user/.m2/repository/org/sonatype/aether/aether-util/1.7/aether-util-1.7.jar:/home/user/.m2/repository/org/sonatype/sisu/sisu-inject-plexus/1.4.2/sisu-inject-plexus-1.4.2.jar:/home/user/.m2/repository/org/sonatype/sisu/sisu-inject-bean/1.4.2/sisu-inject-bean-1.4.2.jar:/home/user/.m2/repository/org/sonatype/sisu/sisu-guice/2.1.7/sisu-guice-2.1.7-noaop.jar:/home/user/.m2/repository/org/codehaus/plexus/plexus-interpolation/1.14/plexus-interpolation-1.14.jar:/home/user/.m2/repository/org/codehaus/plexus/plexus-classworlds/2.2.3/plexus-classworlds-2.2.3.jar:/home/user/.m2/repository/org/codehaus/plexus/plexus-component-annotations/1.5.5/plexus-component-annotations-1.5.5.jar:/home/user/.m2/repository/org/sonatype/plexus/plexus-sec-dispatcher/1.3/plexus-sec-dispatcher-1.3.jar:/home/user/.m2/repository/org/sonatype/plexus/plexus-cipher/1.4/plexus-cipher-1.4.jar:/home/user/.m2/repository/org/apache/maven/maven-plugin-api/3.0/maven-plugin-api-3.0.jar:/home/user/.m2/repository/org/codehaus/plexus/plexus-utils/3.0.20/plexus-utils-3.0.20.jar:/home/user/.m2/repository/org/apache/commons/commons-exec/1.3/commons-exec-1.3.jar:/home/user/.m2/repository/org/apache/maven/shared/maven-artifact-transfer/0.10.1/maven-artifact-transfer-0.10.1.jar:/home/user/.m2/repository/org/apache/maven/shared/maven-common-artifact-filters/3.0.1/maven-common-artifact-filters-3.0.1.jar:/home/user/.m2/repository/org/apache/maven/shared/maven-shared-utils/3.1.0/maven-shared-utils-3.1.0.jar:/home/user/.m2/repository/commons-io/commons-io/2.5/commons-io-2.5.jar:/home/user/.m2/repository/commons-codec/commons-codec/1.11/commons-codec-1.11.jar:/home/user/.m2/repository/org/pytorch/pytorch_java_only/1.7.1/pytorch_java_only-1.7.1.jar:/home/user/.m2/repository/com/facebook/soloader/nativeloader/0.8.0/nativeloader-0.8.0.jar:/home/user/.m2/repository/com/facebook/fbjni/fbjni-java-only/0.0.3/fbjni-java-only-0.0.3.jar:/home/user/.m2/repository/org/python/jython-standalone/2.7.0/jython-standalone-2.7.0.jar:/home/user/.m2/repository/org/junit/jupiter/junit-jupiter/5.8.0-M1/junit-jupiter-5.8.0-M1.jar:/home/user/.m2/repository/org/junit/jupiter/junit-jupiter-api/5.8.0-M1/junit-jupiter-api-5.8.0-M1.jar:/home/user/.m2/repository/org/apiguardian/apiguardian-api/1.1.1/apiguardian-api-1.1.1.jar:/home/user/.m2/repository/org/opentest4j/opentest4j/1.2.0/opentest4j-1.2.0.jar:/home/user/.m2/repository/org/junit/platform/junit-platform-commons/1.8.0-M1/junit-platform-commons-1.8.0-M1.jar:/home/user/.m2/repository/org/junit/jupiter/junit-jupiter-params/5.8.0-M1/junit-jupiter-params-5.8.0-M1.jar:/home/user/.m2/repository/org/junit/jupiter/junit-jupiter-engine/5.8.0-M1/junit-jupiter-engine-5.8.0-M1.jar:/home/user/.m2/repository/org/junit/platform/junit-platform-engine/1.8.0-M1/junit-platform-engine-1.8.0-M1.jar:/home/user/.m2/repository/org/jetbrains/kotlin/kotlin-stdlib-jdk8/1.4.20/kotlin-stdlib-jdk8-1.4.20.jar:/home/user/.m2/repository/org/jetbrains/kotlin/kotlin-stdlib/1.4.20/kotlin-stdlib-1.4.20.jar:/home/user/.m2/repository/org/jetbrains/kotlin/kotlin-stdlib-common/1.4.20/kotlin-stdlib-common-1.4.20.jar:/home/user/.m2/repository/org/jetbrains/annotations/13.0/annotations-13.0.jar:/home/user/.m2/repository/org/jetbrains/kotlin/kotlin-stdlib-jdk7/1.4.20/kotlin-stdlib-jdk7-1.4.20.jar:/home/user/.m2/repository/com/alibaba/fastjson/1.2.59/fastjson-1.2.59.jar:"/>
    <property name="java.vm.vendor" value="Oracle Corporation"/>
    <property name="sun.arch.data.model" value="64"/>
    <property name="java.vendor.url" value="http://java.oracle.com/"/>
    <property name="user.timezone" value=""/>
    <property name="java.vm.specification.version" value="1.8"/>
    <property name="os.name" value="Linux"/>
    <property name="user.country" value="US"/>
    <property name="sun.java.launcher" value="SUN_STANDARD"/>
    <property name="sun.boot.library.path" value="/home/user/zgj/jdk1.8.0_281/jre/lib/amd64"/>
    <property name="sun.java.command" value="/home/user/xyf/jqf-new/fuzz/target/surefire/surefirebooter6760480590764600644.jar /home/user/xyf/jqf-new/fuzz/target/surefire 2021-06-10T12-13-24_794-jvmRun1 surefire271507385304948825tmp surefire_03129339228830342162tmp"/>
    <property name="surefire.test.class.path" value="/home/user/xyf/jqf-new/fuzz/target/test-classes:/home/user/xyf/jqf-new/fuzz/target/classes:/home/user/.m2/repository/junit/junit/4.12/junit-4.12.jar:/home/user/.m2/repository/org/hamcrest/hamcrest-core/1.3/hamcrest-core-1.3.jar:/home/user/.m2/repository/com/pholser/junit-quickcheck-generators/0.8/junit-quickcheck-generators-0.8.jar:/home/user/.m2/repository/com/pholser/junit-quickcheck-core/0.8/junit-quickcheck-core-0.8.jar:/home/user/.m2/repository/org/javaruntype/javaruntype/1.3/javaruntype-1.3.jar:/home/user/.m2/repository/org/antlr/antlr-runtime/3.1.2/antlr-runtime-3.1.2.jar:/home/user/.m2/repository/ognl/ognl/3.1.12/ognl-3.1.12.jar:/home/user/.m2/repository/org/javassist/javassist/3.20.0-GA/javassist-3.20.0-GA.jar:/home/user/.m2/repository/ru/vyarus/generics-resolver/2.0.1/generics-resolver-2.0.1.jar:/home/user/.m2/repository/org/slf4j/slf4j-api/1.7.25/slf4j-api-1.7.25.jar:/home/user/xyf/jqf-new/instrument/target/jqf-instrument-1.4-SNAPSHOT.jar:/home/user/.m2/repository/org/ow2/asm/asm/7.2/asm-7.2.jar:/home/user/.m2/repository/org/jacoco/org.jacoco.report/0.8.2/org.jacoco.report-0.8.2.jar:/home/user/.m2/repository/org/jacoco/org.jacoco.core/0.8.2/org.jacoco.core-0.8.2.jar:/home/user/.m2/repository/org/ow2/asm/asm-commons/6.2.1/asm-commons-6.2.1.jar:/home/user/.m2/repository/org/ow2/asm/asm-analysis/6.2.1/asm-analysis-6.2.1.jar:/home/user/.m2/repository/org/ow2/asm/asm-tree/6.2.1/asm-tree-6.2.1.jar:/home/user/.m2/repository/org/mockito/mockito-core/2.23.4/mockito-core-2.23.4.jar:/home/user/.m2/repository/net/bytebuddy/byte-buddy/1.9.3/byte-buddy-1.9.3.jar:/home/user/.m2/repository/net/bytebuddy/byte-buddy-agent/1.9.3/byte-buddy-agent-1.9.3.jar:/home/user/.m2/repository/org/objenesis/objenesis/2.6/objenesis-2.6.jar:/home/user/.m2/repository/org/hamcrest/hamcrest-library/1.3/hamcrest-library-1.3.jar:/home/user/.m2/repository/info/picocli/picocli/4.0.4/picocli-4.0.4.jar:/home/user/.m2/repository/org/antlr/antlr4-runtime/4.7.2/antlr4-runtime-4.7.2.jar:/home/user/.m2/repository/org/codehaus/mojo/exec-maven-plugin/3.0.0/exec-maven-plugin-3.0.0.jar:/home/user/.m2/repository/org/apache/maven/maven-model/3.0/maven-model-3.0.jar:/home/user/.m2/repository/org/apache/maven/maven-artifact/3.0/maven-artifact-3.0.jar:/home/user/.m2/repository/org/apache/maven/maven-core/3.0/maven-core-3.0.jar:/home/user/.m2/repository/org/apache/maven/maven-settings/3.0/maven-settings-3.0.jar:/home/user/.m2/repository/org/apache/maven/maven-settings-builder/3.0/maven-settings-builder-3.0.jar:/home/user/.m2/repository/org/apache/maven/maven-repository-metadata/3.0/maven-repository-metadata-3.0.jar:/home/user/.m2/repository/org/apache/maven/maven-model-builder/3.0/maven-model-builder-3.0.jar:/home/user/.m2/repository/org/apache/maven/maven-aether-provider/3.0/maven-aether-provider-3.0.jar:/home/user/.m2/repository/org/sonatype/aether/aether-impl/1.7/aether-impl-1.7.jar:/home/user/.m2/repository/org/sonatype/aether/aether-spi/1.7/aether-spi-1.7.jar:/home/user/.m2/repository/org/sonatype/aether/aether-api/1.7/aether-api-1.7.jar:/home/user/.m2/repository/org/sonatype/aether/aether-util/1.7/aether-util-1.7.jar:/home/user/.m2/repository/org/sonatype/sisu/sisu-inject-plexus/1.4.2/sisu-inject-plexus-1.4.2.jar:/home/user/.m2/repository/org/sonatype/sisu/sisu-inject-bean/1.4.2/sisu-inject-bean-1.4.2.jar:/home/user/.m2/repository/org/sonatype/sisu/sisu-guice/2.1.7/sisu-guice-2.1.7-noaop.jar:/home/user/.m2/repository/org/codehaus/plexus/plexus-interpolation/1.14/plexus-interpolation-1.14.jar:/home/user/.m2/repository/org/codehaus/plexus/plexus-classworlds/2.2.3/plexus-classworlds-2.2.3.jar:/home/user/.m2/repository/org/codehaus/plexus/plexus-component-annotations/1.5.5/plexus-component-annotations-1.5.5.jar:/home/user/.m2/repository/org/sonatype/plexus/plexus-sec-dispatcher/1.3/plexus-sec-dispatcher-1.3.jar:/home/user/.m2/repository/org/sonatype/plexus/plexus-cipher/1.4/plexus-cipher-1.4.jar:/home/user/.m2/repository/org/apache/maven/maven-plugin-api/3.0/maven-plugin-api-3.0.jar:/home/user/.m2/repository/org/codehaus/plexus/plexus-utils/3.0.20/plexus-utils-3.0.20.jar:/home/user/.m2/repository/org/apache/commons/commons-exec/1.3/commons-exec-1.3.jar:/home/user/.m2/repository/org/apache/maven/shared/maven-artifact-transfer/0.10.1/maven-artifact-transfer-0.10.1.jar:/home/user/.m2/repository/org/apache/maven/shared/maven-common-artifact-filters/3.0.1/maven-common-artifact-filters-3.0.1.jar:/home/user/.m2/repository/org/apache/maven/shared/maven-shared-utils/3.1.0/maven-shared-utils-3.1.0.jar:/home/user/.m2/repository/commons-io/commons-io/2.5/commons-io-2.5.jar:/home/user/.m2/repository/commons-codec/commons-codec/1.11/commons-codec-1.11.jar:/home/user/.m2/repository/org/pytorch/pytorch_java_only/1.7.1/pytorch_java_only-1.7.1.jar:/home/user/.m2/repository/com/facebook/soloader/nativeloader/0.8.0/nativeloader-0.8.0.jar:/home/user/.m2/repository/com/facebook/fbjni/fbjni-java-only/0.0.3/fbjni-java-only-0.0.3.jar:/home/user/.m2/repository/org/python/jython-standalone/2.7.0/jython-standalone-2.7.0.jar:/home/user/.m2/repository/org/junit/jupiter/junit-jupiter/5.8.0-M1/junit-jupiter-5.8.0-M1.jar:/home/user/.m2/repository/org/junit/jupiter/junit-jupiter-api/5.8.0-M1/junit-jupiter-api-5.8.0-M1.jar:/home/user/.m2/repository/org/apiguardian/apiguardian-api/1.1.1/apiguardian-api-1.1.1.jar:/home/user/.m2/repository/org/opentest4j/opentest4j/1.2.0/opentest4j-1.2.0.jar:/home/user/.m2/repository/org/junit/platform/junit-platform-commons/1.8.0-M1/junit-platform-commons-1.8.0-M1.jar:/home/user/.m2/repository/org/junit/jupiter/junit-jupiter-params/5.8.0-M1/junit-jupiter-params-5.8.0-M1.jar:/home/user/.m2/repository/org/junit/jupiter/junit-jupiter-engine/5.8.0-M1/junit-jupiter-engine-5.8.0-M1.jar:/home/user/.m2/repository/org/junit/platform/junit-platform-engine/1.8.0-M1/junit-platform-engine-1.8.0-M1.jar:/home/user/.m2/repository/org/jetbrains/kotlin/kotlin-stdlib-jdk8/1.4.20/kotlin-stdlib-jdk8-1.4.20.jar:/home/user/.m2/repository/org/jetbrains/kotlin/kotlin-stdlib/1.4.20/kotlin-stdlib-1.4.20.jar:/home/user/.m2/repository/org/jetbrains/kotlin/kotlin-stdlib-common/1.4.20/kotlin-stdlib-common-1.4.20.jar:/home/user/.m2/repository/org/jetbrains/annotations/13.0/annotations-13.0.jar:/home/user/.m2/repository/org/jetbrains/kotlin/kotlin-stdlib-jdk7/1.4.20/kotlin-stdlib-jdk7-1.4.20.jar:/home/user/.m2/repository/com/alibaba/fastjson/1.2.59/fastjson-1.2.59.jar:"/>
    <property name="sun.cpu.endian" value="little"/>
    <property name="user.home" value="/home/user"/>
    <property name="user.language" value="en"/>
    <property name="java.specification.vendor" value="Oracle Corporation"/>
    <property name="java.home" value="/home/user/zgj/jdk1.8.0_281/jre"/>
    <property name="basedir" value="/home/user/xyf/jqf-new/fuzz"/>
    <property name="file.separator" value="/"/>
    <property name="line.separator" value="&#10;"/>
    <property name="java.vm.specification.vendor" value="Oracle Corporation"/>
    <property name="java.specification.name" value="Java Platform API Specification"/>
    <property name="java.awt.graphicsenv" value="sun.awt.X11GraphicsEnvironment"/>
    <property name="surefire.real.class.path" value="/home/user/xyf/jqf-new/fuzz/target/surefire/surefirebooter6760480590764600644.jar"/>
    <property name="sun.boot.class.path" value="/home/user/zgj/jdk1.8.0_281/jre/lib/resources.jar:/home/user/zgj/jdk1.8.0_281/jre/lib/rt.jar:/home/user/zgj/jdk1.8.0_281/jre/lib/sunrsasign.jar:/home/user/zgj/jdk1.8.0_281/jre/lib/jsse.jar:/home/user/zgj/jdk1.8.0_281/jre/lib/jce.jar:/home/user/zgj/jdk1.8.0_281/jre/lib/charsets.jar:/home/user/zgj/jdk1.8.0_281/jre/lib/jfr.jar:/home/user/zgj/jdk1.8.0_281/jre/classes"/>
    <property name="sun.management.compiler" value="HotSpot 64-Bit Tiered Compilers"/>
    <property name="java.runtime.version" value="1.8.0_281-b09"/>
    <property name="user.name" value="user"/>
    <property name="path.separator" value=":"/>
    <property name="os.version" value="5.4.0-72-generic"/>
    <property name="java.endorsed.dirs" value="/home/user/zgj/jdk1.8.0_281/jre/lib/endorsed"/>
    <property name="java.runtime.name" value="Java(TM) SE Runtime Environment"/>
    <property name="file.encoding" value="UTF-8"/>
    <property name="java.vm.name" value="Java HotSpot(TM) 64-Bit Server VM"/>
    <property name="localRepository" value="/home/user/.m2/repository"/>
    <property name="java.vendor.url.bug" value="http://bugreport.sun.com/bugreport/"/>
    <property name="java.io.tmpdir" value="/tmp"/>
    <property name="java.version" value="1.8.0_281"/>
    <property name="user.dir" value="/home/user/xyf/jqf-new/fuzz"/>
    <property name="os.arch" value="amd64"/>
    <property name="java.vm.specification.name" value="Java Virtual Machine Specification"/>
    <property name="java.awt.printerjob" value="sun.print.PSPrinterJob"/>
    <property name="sun.os.patch.level" value="unknown"/>
    <property name="java.library.path" value="/usr/java/packages/lib/amd64:/usr/lib64:/lib64:/lib:/usr/lib"/>
    <property name="java.vm.info" value="mixed mode"/>
    <property name="java.vendor" value="Oracle Corporation"/>
    <property name="java.vm.version" value="25.281-b09"/>
    <property name="java.ext.dirs" value="/home/user/zgj/jdk1.8.0_281/jre/lib/ext:/usr/java/packages/lib/ext"/>
    <property name="sun.io.unicode.encoding" value="UnicodeLittle"/>
    <property name="java.class.version" value="52.0"/>
  </properties>
  <testcase name="nonZeroValuesIsAccurate" classname="edu.berkeley.cs.jqf.fuzz.util.NonZeroCachingCountersTest" time="0.027"/>
  <testcase name="setAtIndexWorks" classname="edu.berkeley.cs.jqf.fuzz.util.NonZeroCachingCountersTest" time="0.011"/>
  <testcase name="incrementDeltaWorks" classname="edu.berkeley.cs.jqf.fuzz.util.NonZeroCachingCountersTest" time="0.025"/>
  <testcase name="incrementDeltaWorks" classname="edu.berkeley.cs.jqf.fuzz.util.NonZeroCachingCountersTest" time="0.023"/>
  <testcase name="nonZeroSizeIsAccurate" classname="edu.berkeley.cs.jqf.fuzz.util.NonZeroCachingCountersTest" time="0.013"/>
  <testcase name="clearsToZero" classname="edu.berkeley.cs.jqf.fuzz.util.NonZeroCachingCountersTest" time="0.03"/>
  <testcase name="incrementWorks" classname="edu.berkeley.cs.jqf.fuzz.util.NonZeroCachingCountersTest" time="0.022"/>
  <testcase name="nonZeroIndicesIsAccurate" classname="edu.berkeley.cs.jqf.fuzz.util.NonZeroCachingCountersTest" time="0.016"/>
</testsuite>